{
  message: 'Database connected successfully',
  level: 'info',
  label: 'PH',
  timestamp: '2023-11-01T11:00:24.591Z'
}
{
  message: 'Application app listening on port 5000',
  level: 'info',
  label: 'PH',
  timestamp: '2023-11-01T11:00:24.618Z'
}
{
  message: 'Database connected successfully',
  level: 'info',
  label: 'PH',
  timestamp: '2023-11-01T11:01:09.524Z'
}
{
  message: 'Application app listening on port 5000',
  level: 'info',
  label: 'PH',
  timestamp: '2023-11-01T11:01:09.543Z'
}
{
  message: 'Database connected successfully',
  level: 'info',
  label: 'PH',
  timestamp: '2023-11-01T11:01:19.074Z'
}
{
  message: 'Application app listening on port 5000',
  level: 'info',
  label: 'PH',
  timestamp: '2023-11-01T11:01:19.092Z'
}
{
  message: 'Database connected successfully',
  level: 'info',
  label: 'PH',
  timestamp: '2023-11-01T11:01:25.108Z'
}
{
  message: 'Application app listening on port 5000',
  level: 'info',
  label: 'PH',
  timestamp: '2023-11-01T11:01:25.125Z'
}
{
  message: 'Database connected successfully',
  level: 'info',
  label: 'PH',
  timestamp: '2023-11-01T11:01:53.317Z'
}
{
  message: 'Application app listening on port 5000',
  level: 'info',
  label: 'PH',
  timestamp: '2023-11-01T11:01:53.360Z'
}
{
  message: 'Database connected successfully',
  level: 'info',
  label: 'PH',
  timestamp: '2023-11-01T11:03:00.600Z'
}
{
  message: 'Application app listening on port 5000',
  level: 'info',
  label: 'PH',
  timestamp: '2023-11-01T11:03:00.638Z'
}
{
  message: 'Database connected successfully',
  level: 'info',
  label: 'PH',
  timestamp: '2023-11-01T11:03:31.054Z'
}
{
  message: 'Application app listening on port 5000',
  level: 'info',
  label: 'PH',
  timestamp: '2023-11-01T11:03:31.065Z'
}
{
  message: 'Database connected successfully',
  level: 'info',
  label: 'PH',
  timestamp: '2023-11-01T11:03:38.919Z'
}
{
  message: 'Application app listening on port 5000',
  level: 'info',
  label: 'PH',
  timestamp: '2023-11-01T11:03:38.932Z'
}
{
  message: 'Database connected successfully',
  level: 'info',
  label: 'PH',
  timestamp: '2023-11-01T11:03:50.744Z'
}
{
  message: 'Application app listening on port 5000',
  level: 'info',
  label: 'PH',
  timestamp: '2023-11-01T11:03:50.768Z'
}
{
  message: 'Database connected successfully',
  level: 'info',
  label: 'PH',
  timestamp: '2023-11-01T11:03:58.971Z'
}
{
  message: 'Application app listening on port 5000',
  level: 'info',
  label: 'PH',
  timestamp: '2023-11-01T11:03:58.997Z'
}
{
  message: 'Database connected successfully',
  level: 'info',
  label: 'PH',
  timestamp: '2023-11-01T11:04:04.867Z'
}
{
  message: 'Application app listening on port 5000',
  level: 'info',
  label: 'PH',
  timestamp: '2023-11-01T11:04:04.886Z'
}
{
  message: 'Database connected successfully',
  level: 'info',
  label: 'PH',
  timestamp: '2023-11-01T11:04:17.510Z'
}
{
  message: 'Application app listening on port 5000',
  level: 'info',
  label: 'PH',
  timestamp: '2023-11-01T11:04:17.534Z'
}
{
  message: 'Database connected successfully',
  level: 'info',
  label: 'PH',
  timestamp: '2023-11-01T11:05:42.702Z'
}
{
  message: 'Application app listening on port 5000',
  level: 'info',
  label: 'PH',
  timestamp: '2023-11-01T11:05:42.713Z'
}
{
  message: 'Database connected successfully',
  level: 'info',
  label: 'PH',
  timestamp: '2023-11-01T11:06:12.809Z'
}
{
  message: 'Application app listening on port 5000',
  level: 'info',
  label: 'PH',
  timestamp: '2023-11-01T11:06:12.831Z'
}
