{
  message: 'Database connected successfully',
  level: 'info',
  label: 'PH',
  timestamp: '2023-10-30T03:50:14.522Z'
}
{
  message: 'Application app listening on port 5000',
  level: 'info',
  label: 'PH',
  timestamp: '2023-10-30T03:50:14.546Z'
}
{
  message: 'Database connected successfully',
  level: 'info',
  label: 'PH',
  timestamp: '2023-10-30T03:59:13.555Z'
}
{
  message: 'Application app listening on port 5000',
  level: 'info',
  label: 'PH',
  timestamp: '2023-10-30T03:59:13.591Z'
}
{
  message: 'Database connected successfully',
  level: 'info',
  label: 'PH',
  timestamp: '2023-10-30T03:59:23.792Z'
}
{
  message: 'Application app listening on port 5000',
  level: 'info',
  label: 'PH',
  timestamp: '2023-10-30T03:59:23.828Z'
}
{
  message: 'Database connected successfully',
  level: 'info',
  label: 'PH',
  timestamp: '2023-10-30T03:59:53.409Z'
}
{
  message: 'Application app listening on port 5000',
  level: 'info',
  label: 'PH',
  timestamp: '2023-10-30T03:59:53.456Z'
}
