{
  message: 'Database connected successfully',
  level: 'info',
  label: 'PH',
  timestamp: '2023-10-16T04:28:08.822Z'
}
{
  message: 'Application app listening on port 5000',
  level: 'info',
  label: 'PH',
  timestamp: '2023-10-16T04:28:08.853Z'
}
{
  message: 'Database connected successfully',
  level: 'info',
  label: 'PH',
  timestamp: '2023-10-16T04:28:20.810Z'
}
{
  message: 'Application app listening on port 5000',
  level: 'info',
  label: 'PH',
  timestamp: '2023-10-16T04:28:20.844Z'
}
{
  message: 'Database connected successfully',
  level: 'info',
  label: 'PH',
  timestamp: '2023-10-16T04:28:32.574Z'
}
{
  message: 'Application app listening on port 5000',
  level: 'info',
  label: 'PH',
  timestamp: '2023-10-16T04:28:32.596Z'
}
{
  message: 'Database connected successfully',
  level: 'info',
  label: 'PH',
  timestamp: '2023-10-16T04:28:42.214Z'
}
{
  message: 'Application app listening on port 5000',
  level: 'info',
  label: 'PH',
  timestamp: '2023-10-16T04:28:42.263Z'
}
{
  message: 'Database connected successfully',
  level: 'info',
  label: 'PH',
  timestamp: '2023-10-16T04:47:39.575Z'
}
{
  message: 'Application app listening on port 5000',
  level: 'info',
  label: 'PH',
  timestamp: '2023-10-16T04:47:39.628Z'
}
{
  message: 'Database connected successfully',
  level: 'info',
  label: 'PH',
  timestamp: '2023-10-16T04:48:11.011Z'
}
{
  message: 'Application app listening on port 5000',
  level: 'info',
  label: 'PH',
  timestamp: '2023-10-16T04:48:11.050Z'
}
{
  message: 'Database connected successfully',
  level: 'info',
  label: 'PH',
  timestamp: '2023-10-16T04:48:21.340Z'
}
{
  message: 'Application app listening on port 5000',
  level: 'info',
  label: 'PH',
  timestamp: '2023-10-16T04:48:21.359Z'
}
{
  message: 'Database connected successfully',
  level: 'info',
  label: 'PH',
  timestamp: '2023-10-16T04:48:29.241Z'
}
{
  message: 'Application app listening on port 5000',
  level: 'info',
  label: 'PH',
  timestamp: '2023-10-16T04:48:29.283Z'
}
{
  message: 'Database connected successfully',
  level: 'info',
  label: 'PH',
  timestamp: '2023-10-16T04:48:39.780Z'
}
{
  message: 'Application app listening on port 5000',
  level: 'info',
  label: 'PH',
  timestamp: '2023-10-16T04:48:39.807Z'
}
{
  message: 'Database connected successfully',
  level: 'info',
  label: 'PH',
  timestamp: '2023-10-16T04:48:45.193Z'
}
{
  message: 'Application app listening on port 5000',
  level: 'info',
  label: 'PH',
  timestamp: '2023-10-16T04:48:45.210Z'
}
{
  message: 'Database connected successfully',
  level: 'info',
  label: 'PH',
  timestamp: '2023-10-16T04:49:03.542Z'
}
{
  message: 'Application app listening on port 5000',
  level: 'info',
  label: 'PH',
  timestamp: '2023-10-16T04:49:03.578Z'
}
{
  message: 'Database connected successfully',
  level: 'info',
  label: 'PH',
  timestamp: '2023-10-16T04:49:54.133Z'
}
{
  message: 'Application app listening on port 5000',
  level: 'info',
  label: 'PH',
  timestamp: '2023-10-16T04:49:54.149Z'
}
{
  message: 'Database connected successfully',
  level: 'info',
  label: 'PH',
  timestamp: '2023-10-16T04:53:10.423Z'
}
{
  message: 'Application app listening on port 5000',
  level: 'info',
  label: 'PH',
  timestamp: '2023-10-16T04:53:10.458Z'
}
{
  message: 'Database connected successfully',
  level: 'info',
  label: 'PH',
  timestamp: '2023-10-16T04:55:35.306Z'
}
{
  message: 'Application app listening on port 5000',
  level: 'info',
  label: 'PH',
  timestamp: '2023-10-16T04:55:35.316Z'
}
{
  message: 'Database connected successfully',
  level: 'info',
  label: 'PH',
  timestamp: '2023-10-16T04:55:45.854Z'
}
{
  message: 'Application app listening on port 5000',
  level: 'info',
  label: 'PH',
  timestamp: '2023-10-16T04:55:45.866Z'
}
{
  message: 'Database connected successfully',
  level: 'info',
  label: 'PH',
  timestamp: '2023-10-16T04:55:54.560Z'
}
{
  message: 'Application app listening on port 5000',
  level: 'info',
  label: 'PH',
  timestamp: '2023-10-16T04:55:54.590Z'
}
{
  message: 'Database connected successfully',
  level: 'info',
  label: 'PH',
  timestamp: '2023-10-16T04:56:08.088Z'
}
{
  message: 'Application app listening on port 5000',
  level: 'info',
  label: 'PH',
  timestamp: '2023-10-16T04:56:08.110Z'
}
{
  message: 'Database connected successfully',
  level: 'info',
  label: 'PH',
  timestamp: '2023-10-16T04:56:30.017Z'
}
{
  message: 'Application app listening on port 5000',
  level: 'info',
  label: 'PH',
  timestamp: '2023-10-16T04:56:30.044Z'
}
{
  message: 'Database connected successfully',
  level: 'info',
  label: 'PH',
  timestamp: '2023-10-16T04:56:42.082Z'
}
{
  message: 'Application app listening on port 5000',
  level: 'info',
  label: 'PH',
  timestamp: '2023-10-16T04:56:42.105Z'
}
{
  message: 'Database connected successfully',
  level: 'info',
  label: 'PH',
  timestamp: '2023-10-16T04:57:14.696Z'
}
{
  message: 'Application app listening on port 5000',
  level: 'info',
  label: 'PH',
  timestamp: '2023-10-16T04:57:14.721Z'
}
