{
  message: 'Database connected successfully',
  level: 'info',
  label: 'PH',
  timestamp: '2023-10-28T20:00:04.351Z'
}
{
  message: 'Application app listening on port 5000',
  level: 'info',
  label: 'PH',
  timestamp: '2023-10-28T20:00:04.370Z'
}
{
  message: 'Database connected successfully',
  level: 'info',
  label: 'PH',
  timestamp: '2023-10-28T20:27:36.713Z'
}
{
  message: 'Application app listening on port 5000',
  level: 'info',
  label: 'PH',
  timestamp: '2023-10-28T20:27:36.728Z'
}
