{
  message: 'Database connected successfully',
  level: 'info',
  label: 'PH',
  timestamp: '2023-10-20T13:16:51.507Z'
}
{
  message: 'Application app listening on port 5000',
  level: 'info',
  label: 'PH',
  timestamp: '2023-10-20T13:16:51.522Z'
}
{
  message: 'Database connected successfully',
  level: 'info',
  label: 'PH',
  timestamp: '2023-10-20T13:21:39.549Z'
}
{
  message: 'Application app listening on port 5000',
  level: 'info',
  label: 'PH',
  timestamp: '2023-10-20T13:21:39.591Z'
}
{
  message: 'Database connected successfully',
  level: 'info',
  label: 'PH',
  timestamp: '2023-10-20T13:31:47.544Z'
}
{
  message: 'Application app listening on port 5000',
  level: 'info',
  label: 'PH',
  timestamp: '2023-10-20T13:31:47.577Z'
}
{
  message: 'Database connected successfully',
  level: 'info',
  label: 'PH',
  timestamp: '2023-10-20T13:32:09.176Z'
}
{
  message: 'Application app listening on port 5000',
  level: 'info',
  label: 'PH',
  timestamp: '2023-10-20T13:32:09.191Z'
}
{
  message: 'Database connected successfully',
  level: 'info',
  label: 'PH',
  timestamp: '2023-10-20T13:32:53.300Z'
}
{
  message: 'Application app listening on port 5000',
  level: 'info',
  label: 'PH',
  timestamp: '2023-10-20T13:32:53.316Z'
}
{
  message: 'Database connected successfully',
  level: 'info',
  label: 'PH',
  timestamp: '2023-10-20T13:33:23.293Z'
}
{
  message: 'Application app listening on port 5000',
  level: 'info',
  label: 'PH',
  timestamp: '2023-10-20T13:33:23.305Z'
}
{
  message: 'Database connected successfully',
  level: 'info',
  label: 'PH',
  timestamp: '2023-10-20T13:33:40.070Z'
}
{
  message: 'Application app listening on port 5000',
  level: 'info',
  label: 'PH',
  timestamp: '2023-10-20T13:33:40.097Z'
}
{
  message: 'Database connected successfully',
  level: 'info',
  label: 'PH',
  timestamp: '2023-10-20T13:34:07.809Z'
}
{
  message: 'Application app listening on port 5000',
  level: 'info',
  label: 'PH',
  timestamp: '2023-10-20T13:34:07.843Z'
}
{
  message: 'Database connected successfully',
  level: 'info',
  label: 'PH',
  timestamp: '2023-10-20T13:34:17.417Z'
}
{
  message: 'Application app listening on port 5000',
  level: 'info',
  label: 'PH',
  timestamp: '2023-10-20T13:34:17.442Z'
}
{
  message: 'Database connected successfully',
  level: 'info',
  label: 'PH',
  timestamp: '2023-10-20T13:34:42.895Z'
}
{
  message: 'Application app listening on port 5000',
  level: 'info',
  label: 'PH',
  timestamp: '2023-10-20T13:34:42.917Z'
}
{
  message: 'Database connected successfully',
  level: 'info',
  label: 'PH',
  timestamp: '2023-10-20T13:34:55.230Z'
}
{
  message: 'Application app listening on port 5000',
  level: 'info',
  label: 'PH',
  timestamp: '2023-10-20T13:34:55.247Z'
}
{
  message: 'Database connected successfully',
  level: 'info',
  label: 'PH',
  timestamp: '2023-10-20T13:35:27.242Z'
}
{
  message: 'Application app listening on port 5000',
  level: 'info',
  label: 'PH',
  timestamp: '2023-10-20T13:35:27.255Z'
}
{
  message: 'Database connected successfully',
  level: 'info',
  label: 'PH',
  timestamp: '2023-10-20T13:37:25.990Z'
}
{
  message: 'Application app listening on port 5000',
  level: 'info',
  label: 'PH',
  timestamp: '2023-10-20T13:37:26.027Z'
}
{
  message: 'Database connected successfully',
  level: 'info',
  label: 'PH',
  timestamp: '2023-10-20T13:40:04.193Z'
}
{
  message: 'Application app listening on port 5000',
  level: 'info',
  label: 'PH',
  timestamp: '2023-10-20T13:40:04.207Z'
}
{
  message: 'Database connected successfully',
  level: 'info',
  label: 'PH',
  timestamp: '2023-10-20T13:40:18.236Z'
}
{
  message: 'Application app listening on port 5000',
  level: 'info',
  label: 'PH',
  timestamp: '2023-10-20T13:40:18.264Z'
}
{
  message: 'Database connected successfully',
  level: 'info',
  label: 'PH',
  timestamp: '2023-10-20T13:40:50.680Z'
}
{
  message: 'Application app listening on port 5000',
  level: 'info',
  label: 'PH',
  timestamp: '2023-10-20T13:40:50.741Z'
}
{
  message: 'Database connected successfully',
  level: 'info',
  label: 'PH',
  timestamp: '2023-10-20T13:41:14.588Z'
}
{
  message: 'Application app listening on port 5000',
  level: 'info',
  label: 'PH',
  timestamp: '2023-10-20T13:41:14.604Z'
}
{
  message: 'Database connected successfully',
  level: 'info',
  label: 'PH',
  timestamp: '2023-10-20T13:41:21.755Z'
}
{
  message: 'Application app listening on port 5000',
  level: 'info',
  label: 'PH',
  timestamp: '2023-10-20T13:41:21.782Z'
}
{
  message: 'Database connected successfully',
  level: 'info',
  label: 'PH',
  timestamp: '2023-10-20T13:41:43.473Z'
}
{
  message: 'Application app listening on port 5000',
  level: 'info',
  label: 'PH',
  timestamp: '2023-10-20T13:41:43.498Z'
}
{
  message: 'Database connected successfully',
  level: 'info',
  label: 'PH',
  timestamp: '2023-10-20T13:41:48.111Z'
}
{
  message: 'Application app listening on port 5000',
  level: 'info',
  label: 'PH',
  timestamp: '2023-10-20T13:41:48.122Z'
}
{
  message: 'Database connected successfully',
  level: 'info',
  label: 'PH',
  timestamp: '2023-10-20T13:41:57.898Z'
}
{
  message: 'Application app listening on port 5000',
  level: 'info',
  label: 'PH',
  timestamp: '2023-10-20T13:41:57.914Z'
}
{
  message: 'Database connected successfully',
  level: 'info',
  label: 'PH',
  timestamp: '2023-10-20T13:42:10.057Z'
}
{
  message: 'Application app listening on port 5000',
  level: 'info',
  label: 'PH',
  timestamp: '2023-10-20T13:42:10.080Z'
}
{
  message: 'Database connected successfully',
  level: 'info',
  label: 'PH',
  timestamp: '2023-10-20T13:42:18.846Z'
}
{
  message: 'Application app listening on port 5000',
  level: 'info',
  label: 'PH',
  timestamp: '2023-10-20T13:42:18.858Z'
}
