{
  cause: Error: connect ETIMEDOUT 100.26.30.37:27017
      at TCPConnectWrap.afterConnect [as oncomplete] (node:net:1187:16) {
    errno: -4039,
    code: 'ETIMEDOUT',
    syscall: 'connect',
    address: '100.26.30.37',
    port: 27017
  },
  connectionGeneration: 0,
  level: 'error',
  message: 'Failed to connect Database connect ETIMEDOUT 100.26.30.37:27017',
  stack: 'MongoNetworkError: connect ETIMEDOUT 100.26.30.37:27017\n' +
    '    at connectionFailureError (F:\\Next Level Development\\university-management-auth-service-back-end\\node_modules\\mongodb\\src\\cmap\\connect.ts:493:14)\n' +
    '    at TLSSocket.<anonymous> (F:\\Next Level Development\\university-management-auth-service-back-end\\node_modules\\mongodb\\src\\cmap\\connect.ts:394:16)\n' +
    '    at Object.onceWrapper (node:events:642:26)\n' +
    '    at TLSSocket.emit (node:events:527:28)\n' +
    '    at emitErrorNT (node:internal/streams/destroy:157:8)\n' +
    '    at emitErrorCloseNT (node:internal/streams/destroy:122:3)\n' +
    '    at processTicksAndRejections (node:internal/process/task_queues:83:21)',
  label: 'PH',
  timestamp: '2023-11-01T17:13:15.043Z',
  [Symbol(errorLabels)]: Set(1) { 'ResetPool' }
}
{
  cause: Error: connect ETIMEDOUT 100.26.30.37:27017
      at TCPConnectWrap.afterConnect [as oncomplete] (node:net:1187:16) {
    errno: -4039,
    code: 'ETIMEDOUT',
    syscall: 'connect',
    address: '100.26.30.37',
    port: 27017
  },
  connectionGeneration: 0,
  level: 'error',
  message: 'Failed to connect Database connect ETIMEDOUT 100.26.30.37:27017',
  stack: 'MongoNetworkError: connect ETIMEDOUT 100.26.30.37:27017\n' +
    '    at connectionFailureError (F:\\Next Level Development\\university-management-auth-service-back-end\\node_modules\\mongodb\\src\\cmap\\connect.ts:493:14)\n' +
    '    at TLSSocket.<anonymous> (F:\\Next Level Development\\university-management-auth-service-back-end\\node_modules\\mongodb\\src\\cmap\\connect.ts:394:16)\n' +
    '    at Object.onceWrapper (node:events:642:26)\n' +
    '    at TLSSocket.emit (node:events:527:28)\n' +
    '    at emitErrorNT (node:internal/streams/destroy:157:8)\n' +
    '    at emitErrorCloseNT (node:internal/streams/destroy:122:3)\n' +
    '    at processTicksAndRejections (node:internal/process/task_queues:83:21)',
  label: 'PH',
  timestamp: '2023-11-01T17:25:16.803Z',
  [Symbol(errorLabels)]: Set(1) { 'ResetPool' }
}
{
  cause: Error: connect ETIMEDOUT 100.26.30.37:27017
      at TCPConnectWrap.afterConnect [as oncomplete] (node:net:1187:16) {
    errno: -4039,
    code: 'ETIMEDOUT',
    syscall: 'connect',
    address: '100.26.30.37',
    port: 27017
  },
  connectionGeneration: 0,
  level: 'error',
  message: 'Failed to connect Database connect ETIMEDOUT 100.26.30.37:27017',
  stack: 'MongoNetworkError: connect ETIMEDOUT 100.26.30.37:27017\n' +
    '    at connectionFailureError (F:\\Next Level Development\\university-management-auth-service-back-end\\node_modules\\mongodb\\src\\cmap\\connect.ts:493:14)\n' +
    '    at TLSSocket.<anonymous> (F:\\Next Level Development\\university-management-auth-service-back-end\\node_modules\\mongodb\\src\\cmap\\connect.ts:394:16)\n' +
    '    at Object.onceWrapper (node:events:642:26)\n' +
    '    at TLSSocket.emit (node:events:527:28)\n' +
    '    at emitErrorNT (node:internal/streams/destroy:157:8)\n' +
    '    at emitErrorCloseNT (node:internal/streams/destroy:122:3)\n' +
    '    at processTicksAndRejections (node:internal/process/task_queues:83:21)',
  label: 'PH',
  timestamp: '2023-11-01T17:29:38.827Z',
  [Symbol(errorLabels)]: Set(1) { 'ResetPool' }
}
{
  connectionGeneration: 0,
  level: 'error',
  message: 'Failed to connect Database connection timed out',
  stack: 'MongoNetworkTimeoutError: connection timed out\n' +
    '    at connectionFailureError (F:\\Next Level Development\\university-management-auth-service-back-end\\node_modules\\mongodb\\src\\cmap\\connect.ts:495:14)\n' +
    '    at TLSSocket.<anonymous> (F:\\Next Level Development\\university-management-auth-service-back-end\\node_modules\\mongodb\\src\\cmap\\connect.ts:394:16)\n' +
    '    at Object.onceWrapper (node:events:641:28)\n' +
    '    at TLSSocket.emit (node:events:527:28)\n' +
    '    at TLSSocket.Socket._onTimeout (node:net:516:8)\n' +
    '    at listOnTimeout (node:internal/timers:559:17)\n' +
    '    at processTimers (node:internal/timers:502:7)',
  label: 'PH',
  timestamp: '2023-11-01T17:31:25.718Z',
  [Symbol(errorLabels)]: Set(0) {}
}
{
  message: 'Failed to connect Database Server selection timed out after 30000 ms',
  reason: TopologyDescription {
    type: 'ReplicaSetNoPrimary',
    servers: Map(3) {
      'ac-bghcpaa-shard-00-00.rpyrqsl.mongodb.net:27017' => ServerDescription {
        address: 'ac-bghcpaa-shard-00-00.rpyrqsl.mongodb.net:27017',
        type: 'RSSecondary',
        hosts: [
          'ac-bghcpaa-shard-00-00.rpyrqsl.mongodb.net:27017',
          'ac-bghcpaa-shard-00-01.rpyrqsl.mongodb.net:27017',
          'ac-bghcpaa-shard-00-02.rpyrqsl.mongodb.net:27017'
        ],
        passives: [],
        arbiters: [],
        tags: {
          workloadType: 'OPERATIONAL',
          region: 'US_EAST_1',
          nodeType: 'ELECTABLE',
          provider: 'AWS'
        },
        minWireVersion: 0,
        maxWireVersion: 17,
        roundTripTime: 764.1600000000001,
        lastUpdateTime: 12113501,
        lastWriteDate: 2023-11-01T17:48:41.000Z,
        error: null,
        topologyVersion: {
          processId: new ObjectId("6542549614c717487bfa7c72"),
          counter: 4
        },
        setName: 'atlas-hk6nsy-shard-0',
        setVersion: 8,
        electionId: null,
        logicalSessionTimeoutMinutes: 30,
        primary: 'ac-bghcpaa-shard-00-01.rpyrqsl.mongodb.net:27017',
        me: 'ac-bghcpaa-shard-00-00.rpyrqsl.mongodb.net:27017',
        '$clusterTime': {
          clusterTime: new Timestamp({ t: 1698860921, i: 4 }),
          signature: {
            hash: Binary.createFromBase64("32Oc9mjreBCIC5h4c4cW2+nWFVk=", 0),
            keyId: new Long("7255382657066860546")
          }
        }
      },
      'ac-bghcpaa-shard-00-01.rpyrqsl.mongodb.net:27017' => ServerDescription {
        address: 'ac-bghcpaa-shard-00-01.rpyrqsl.mongodb.net:27017',
        type: 'Unknown',
        hosts: [],
        passives: [],
        arbiters: [],
        tags: {},
        minWireVersion: 0,
        maxWireVersion: 0,
        roundTripTime: -1,
        lastUpdateTime: 12091452,
        lastWriteDate: 0,
        error: null,
        topologyVersion: null,
        setName: null,
        setVersion: null,
        electionId: null,
        logicalSessionTimeoutMinutes: null,
        primary: null,
        me: null,
        '$clusterTime': null
      },
      'ac-bghcpaa-shard-00-02.rpyrqsl.mongodb.net:27017' => ServerDescription {
        address: 'ac-bghcpaa-shard-00-02.rpyrqsl.mongodb.net:27017',
        type: 'RSSecondary',
        hosts: [
          'ac-bghcpaa-shard-00-00.rpyrqsl.mongodb.net:27017',
          'ac-bghcpaa-shard-00-01.rpyrqsl.mongodb.net:27017',
          'ac-bghcpaa-shard-00-02.rpyrqsl.mongodb.net:27017'
        ],
        passives: [],
        arbiters: [],
        tags: {
          nodeType: 'ELECTABLE',
          workloadType: 'OPERATIONAL',
          region: 'US_EAST_1',
          provider: 'AWS'
        },
        minWireVersion: 0,
        maxWireVersion: 17,
        roundTripTime: 947.2400000000001,
        lastUpdateTime: 12113523,
        lastWriteDate: 2023-11-01T17:48:41.000Z,
        error: null,
        topologyVersion: {
          processId: new ObjectId("65425699ea3185341b3fb8e7"),
          counter: 3
        },
        setName: 'atlas-hk6nsy-shard-0',
        setVersion: 8,
        electionId: null,
        logicalSessionTimeoutMinutes: 30,
        primary: 'ac-bghcpaa-shard-00-01.rpyrqsl.mongodb.net:27017',
        me: 'ac-bghcpaa-shard-00-02.rpyrqsl.mongodb.net:27017',
        '$clusterTime': {
          clusterTime: new Timestamp({ t: 1698860921, i: 4 }),
          signature: {
            hash: Binary.createFromBase64("32Oc9mjreBCIC5h4c4cW2+nWFVk=", 0),
            keyId: new Long("7255382657066860546")
          }
        }
      }
    },
    stale: false,
    compatible: true,
    heartbeatFrequencyMS: 10000,
    localThresholdMS: 15,
    setName: 'atlas-hk6nsy-shard-0',
    maxElectionId: null,
    maxSetVersion: null,
    commonWireVersion: 0,
    logicalSessionTimeoutMinutes: 30
  },
  code: undefined,
  level: 'error',
  stack: 'MongooseServerSelectionError: Server selection timed out after 30000 ms\n' +
    '    at _handleConnectionErrors (F:\\Next Level Development\\university-management-auth-service-back-end\\node_modules\\mongoose\\lib\\connection.js:805:11)\n' +
    '    at NativeConnection.openUri (F:\\Next Level Development\\university-management-auth-service-back-end\\node_modules\\mongoose\\lib\\connection.js:780:11)\n' +
    '    at processTicksAndRejections (node:internal/process/task_queues:96:5)',
  label: 'PH',
  timestamp: '2023-11-01T17:48:49.734Z'
}
