{
  errno: undefined,
  code: 'ETIMEOUT',
  syscall: 'querySrv',
  hostname: '_mongodb._tcp.cluster0.rpyrqsl.mongodb.net',
  level: 'error',
  message: 'Failed to connect Database querySrv ETIMEOUT _mongodb._tcp.cluster0.rpyrqsl.mongodb.net',
  stack: 'Error: querySrv ETIMEOUT _mongodb._tcp.cluster0.rpyrqsl.mongodb.net\n' +
    '    at QueryReqWrap.onresolve [as oncomplete] (node:internal/dns/promises:173:17)',
  label: 'PH',
  timestamp: '2023-10-22T17:21:43.845Z'
}
{
  errno: undefined,
  code: 'ECONNREFUSED',
  syscall: 'querySrv',
  hostname: '_mongodb._tcp.cluster0.rpyrqsl.mongodb.net',
  level: 'error',
  message: 'Failed to connect Database querySrv ECONNREFUSED _mongodb._tcp.cluster0.rpyrqsl.mongodb.net',
  stack: 'Error: querySrv ECONNREFUSED _mongodb._tcp.cluster0.rpyrqsl.mongodb.net\n' +
    '    at QueryReqWrap.onresolve [as oncomplete] (node:internal/dns/promises:173:17)',
  label: 'PH',
  timestamp: '2023-10-22T17:21:50.415Z'
}
